  Using bundled DotNet SDK version: 6.0.302
  Running UnrealBuildTool: dotnet "..\..\Engine\Binaries\DotNET\UnrealBuildTool\UnrealBuildTool.dll" CryptExplorerEditor Win64 Development -Project="D:\Unreal\CryptExplorer\Unreal-Crypt-Explorer\CryptExplorer\CryptExplorer.uproject" -WaitMutex -FromMsBuild -Rebuild
  Log file: C:\Users\Joe\AppData\Local\UnrealBuildTool\Log.txt
  Cleaning CryptExplorerEditor binaries...
  Using 'git status' to determine working set for adaptive non-unity build (D:\Unreal\CryptExplorer\Unreal-Crypt-Explorer).
  Creating makefile for CryptExplorerEditor (no existing makefile)
UnrealBuildTool : warning : Unable to find Visual Studio SDK. Editor integration will be disabled
  Building CryptExplorerEditor...
  Using Visual Studio 2022 14.34.31943 toolchain (C:\Program Files\Microsoft Visual Studio\2022\Community\VC\Tools\MSVC\14.34.31933) and Windows 10.0.22621.0 SDK (C:\Program Files (x86)\Windows Kits\10).
  [Upgrade]
  [Upgrade] Using backward-compatible include order. The latest version of UE has changed the order of includes, which may require code changes. The current setting is:
  [Upgrade]     IncludeOrderVersion = EngineIncludeOrderVersion.Unreal5_1
  [Upgrade] Suppress this message by setting 'IncludeOrderVersion = EngineIncludeOrderVersion.Unreal5_2;' in CryptExplorerEditor.Target.cs.
  [Upgrade] Alternatively you can set this to 'EngineIncludeOrderVersion.Latest' to always use the latest include order. This will potentially cause compile errors when integrating new versions of the engine.
  [Upgrade]
  [Adaptive Build] Excluded from CryptExplorer unity file: Grabber.cpp, Mover.cpp, TriggerComponent.cpp
  Determining max actions to execute in parallel (6 physical cores, 12 logical cores)
    Executing up to 6 processes, one per physical core
    Requested 1.5 GB free memory per action, 6.53 GB available: limiting max parallel actions to 4
  Building 23 actions with 4 processes...
  [1/23] Resource Default.rc2
  [2/23] Compile [x64] SharedPCH.Engine.ShadowErrors.InclOrderUnreal5_1.cpp
  [3/23] Compile [x64] CryptExplorerGameMode.gen.cpp
  [4/23] Compile [x64] TriggerComponent.gen.cpp
  [5/23] Compile [x64] CryptExplorerGameMode.cpp
  [6/23] Compile [x64] TP_PickUpComponent.cpp
  [7/23] Compile [x64] Grabber.gen.cpp
  [8/23] Compile [x64] CryptExplorerProjectile.cpp
  [9/23] Compile [x64] CryptExplorer.cpp
  [10/23] Compile [x64] TP_PickUpComponent.gen.cpp
  [11/23] Compile [x64] CryptExplorerCharacter.gen.cpp
  [12/23] Compile [x64] TP_WeaponComponent.gen.cpp
  [13/23] Compile [x64] CryptExplorer.init.gen.cpp
  [14/23] Compile [x64] TP_WeaponComponent.cpp
  [15/23] Compile [x64] Grabber.cpp
  [16/23] Compile [x64] CryptExplorerProjectile.gen.cpp
  [17/23] Compile [x64] TriggerComponent.cpp
  [18/23] Compile [x64] Mover.gen.cpp
  [19/23] Compile [x64] Mover.cpp
  [20/23] Compile [x64] CryptExplorerCharacter.cpp
  [21/23] Link [x64] UnrealEditor-CryptExplorer.lib
     Creating library D:\Unreal\CryptExplorer\Unreal-Crypt-Explorer\CryptExplorer\Intermediate\Build\Win64\x64\UnrealEditor\Development\CryptExplorer\UnrealEditor-CryptExplorer.lib and object D:\Unreal\CryptExplorer\Unreal-Crypt-Explorer\CryptExplorer\Intermediate\Build\Win64\x64\UnrealEditor\Development\CryptExplorer\UnrealEditor-CryptExplorer.exp
  [22/23] Link [x64] UnrealEditor-CryptExplorer.dll
     Creating library D:\Unreal\CryptExplorer\Unreal-Crypt-Explorer\CryptExplorer\Intermediate\Build\Win64\x64\UnrealEditor\Development\CryptExplorer\UnrealEditor-CryptExplorer.suppressed.lib and object D:\Unreal\CryptExplorer\Unreal-Crypt-Explorer\CryptExplorer\Intermediate\Build\Win64\x64\UnrealEditor\Development\CryptExplorer\UnrealEditor-CryptExplorer.suppressed.exp
  [23/23] WriteMetadata CryptExplorerEditor.target
  Total time in Parallel executor: 57.09 seconds
  Total execution time: 96.98 seconds
